0 info it worked if it ends with ok
1 verbose cli [ 'c:\\Program Files\\nodejs\\node.exe',
1 verbose cli   'c:\\Program Files\\nodejs\\node_modules\\npm\\bin\\npm-cli.js',
1 verbose cli   'install',
1 verbose cli   'angular-touch',
1 verbose cli   '--save-dev' ]
2 info using npm@1.4.28
3 info using node@v0.10.33
4 error Failed to parse json
4 error Unexpected token }
5 error File: E:\03 Git\MACodingClubProject\MACodingClubProject\package.json
6 error Failed to parse package.json data.
6 error package.json must be actual JSON, not just JavaScript.
6 error
6 error This is not a bug in npm.
6 error Tell the package author to fix their package.json file. JSON.parse
7 error System Windows_NT 6.1.7601
8 error command "c:\\Program Files\\nodejs\\node.exe" "c:\\Program Files\\nodejs\\node_modules\\npm\\bin\\npm-cli.js" "install" "angular-touch" "--save-dev"
9 error cwd E:\03 Git\MACodingClubProject\MACodingClubProject
10 error node -v v0.10.33
11 error npm -v 1.4.28
12 error file E:\03 Git\MACodingClubProject\MACodingClubProject\package.json
13 error code EJSONPARSE
14 verbose exit [ 1, true ]
